{"name": "test_div_float", "status": "failed", "statusDetails": {"message": "AssertionError: assert 3.3333333333333335 == 3.333333\n +  where 3.3333333333333335 = div(10, 3)", "trace": "@pytest.mark.happy\n    def test_div_float():\n>       assert div(10, 3) == 3.333333\nE       assert 3.3333333333333335 == 3.333333\nE        +  where 3.3333333333333335 = div(10, 3)\n\npyrunner/test_div.py:21: AssertionError"}, "start": 1594572844109, "stop": 1594572844109, "uuid": "c6af6c5f-7012-4f06-8017-a2deb58104e4", "historyId": "5c396086340af9e3f14849c4095efc51", "testCaseId": "9a85baa6bab17e50df050a0bf12d179d", "fullName": "pyrunner.test_div#test_div_float", "labels": [{"name": "tag", "value": "happy"}, {"name": "parentSuite", "value": "pyrunner"}, {"name": "suite", "value": "test_div"}, {"name": "host", "value": "192.168.2.101"}, {"name": "thread", "value": "4627-MainThread"}, {"name": "framework", "value": "pytest"}, {"name": "language", "value": "cpython3"}, {"name": "package", "value": "pyrunner.test_div"}]}