{
  "uid" : "31a115c0c5513b93",
  "name" : "test_two",
  "fullName" : "pyrunner.test_pytest.TestClass#test_two",
  "historyId" : "eee204faf163f7e40136f155778226ae",
  "time" : {
    "start" : 1594571907319,
    "stop" : 1594571907319,
    "duration" : 0
  },
  "status" : "failed",
  "statusMessage" : "AssertionError: assert False\n +  where False = hasattr('hello', 'hello')",
  "statusTrace" : "self = <pyrunner.test_pytest.TestClass object at 0x1047fe820>\n\n    def test_two(self):\n        x = \"hello\"\n>       assert hasattr(x, \"hello\")\nE       AssertionError: assert False\nE        +  where False = hasattr('hello', 'hello')\n\npyrunner/test_pytest.py:38: AssertionError",
  "flaky" : false,
  "newFailed" : false,
  "beforeStages" : [ {
    "name" : "_Module__pytest_setup_function",
    "time" : {
      "start" : 1594571907318,
      "stop" : 1594571907318,
      "duration" : 0
    },
    "status" : "passed",
    "steps" : [ ],
    "attachments" : [ ],
    "parameters" : [ ],
    "stepsCount" : 0,
    "attachmentsCount" : 0,
    "shouldDisplayMessage" : false,
    "hasContent" : false
  }, {
    "name" : "_Class__pytest_setup_class",
    "time" : {
      "start" : 1594571907313,
      "stop" : 1594571907313,
      "duration" : 0
    },
    "status" : "passed",
    "steps" : [ ],
    "attachments" : [ ],
    "parameters" : [ ],
    "stepsCount" : 0,
    "attachmentsCount" : 0,
    "shouldDisplayMessage" : false,
    "hasContent" : false
  }, {
    "name" : "_Module__pytest_setup_module",
    "time" : {
      "start" : 1594571907309,
      "stop" : 1594571907309,
      "duration" : 0
    },
    "status" : "passed",
    "steps" : [ ],
    "attachments" : [ ],
    "parameters" : [ ],
    "stepsCount" : 0,
    "attachmentsCount" : 0,
    "shouldDisplayMessage" : false,
    "hasContent" : false
  } ],
  "testStage" : {
    "status" : "failed",
    "statusMessage" : "AssertionError: assert False\n +  where False = hasattr('hello', 'hello')",
    "statusTrace" : "self = <pyrunner.test_pytest.TestClass object at 0x1047fe820>\n\n    def test_two(self):\n        x = \"hello\"\n>       assert hasattr(x, \"hello\")\nE       AssertionError: assert False\nE        +  where False = hasattr('hello', 'hello')\n\npyrunner/test_pytest.py:38: AssertionError",
    "steps" : [ ],
    "attachments" : [ {
      "uid" : "3abcad43a0f12f02",
      "name" : "stdout",
      "source" : "3abcad43a0f12f02.txt",
      "type" : "text/plain",
      "size" : 6
    } ],
    "parameters" : [ ],
    "stepsCount" : 0,
    "attachmentsCount" : 1,
    "shouldDisplayMessage" : true,
    "hasContent" : true
  },
  "afterStages" : [ {
    "name" : "_Module__pytest_setup_function::0",
    "time" : {
      "start" : 1594571907327,
      "stop" : 1594571907327,
      "duration" : 0
    },
    "status" : "passed",
    "steps" : [ ],
    "attachments" : [ ],
    "parameters" : [ ],
    "stepsCount" : 0,
    "attachmentsCount" : 0,
    "shouldDisplayMessage" : false,
    "hasContent" : false
  }, {
    "name" : "_Class__pytest_setup_class::0",
    "time" : {
      "start" : 1594571907339,
      "stop" : 1594571907339,
      "duration" : 0
    },
    "status" : "passed",
    "steps" : [ ],
    "attachments" : [ ],
    "parameters" : [ ],
    "stepsCount" : 0,
    "attachmentsCount" : 0,
    "shouldDisplayMessage" : false,
    "hasContent" : false
  }, {
    "name" : "_Module__pytest_setup_module::0",
    "time" : {
      "start" : 1594571907463,
      "stop" : 1594571907463,
      "duration" : 0
    },
    "status" : "passed",
    "steps" : [ ],
    "attachments" : [ ],
    "parameters" : [ ],
    "stepsCount" : 0,
    "attachmentsCount" : 0,
    "shouldDisplayMessage" : false,
    "hasContent" : false
  } ],
  "labels" : [ {
    "name" : "parentSuite",
    "value" : "pyrunner"
  }, {
    "name" : "suite",
    "value" : "test_pytest"
  }, {
    "name" : "subSuite",
    "value" : "TestClass"
  }, {
    "name" : "host",
    "value" : "192.168.2.101"
  }, {
    "name" : "thread",
    "value" : "4118-MainThread"
  }, {
    "name" : "framework",
    "value" : "pytest"
  }, {
    "name" : "language",
    "value" : "cpython3"
  }, {
    "name" : "package",
    "value" : "pyrunner.test_pytest"
  }, {
    "name" : "resultFormat",
    "value" : "allure2"
  } ],
  "parameters" : [ ],
  "links" : [ ],
  "hidden" : true,
  "retry" : true,
  "extra" : {
    "categories" : [ ],
    "tags" : [ ]
  },
  "source" : "31a115c0c5513b93.json",
  "parameterValues" : [ ]
}